<?xml version="1.0" encoding="UTF-8"?>
<!-- Generated by org.testng.reporters.JUnitReportReporter -->
<testsuite hostname="DESKTOP-LOTA8N8" failures="0" tests="4" name="testLayer.LoginTest" time="26.330" errors="0" timestamp="2023-04-26T05:46:28 EDT" skipped="0">
  <testcase classname="testLayer.LoginTest" name="Title" time="4.805"/>
  <system-out/>
  <testcase classname="testLayer.LoginTest" name="Login" time="7.076"/>
  <system-out/>
  <testcase classname="testLayer.LoginTest" name="Login" time="7.248"/>
  <system-out/>
  <testcase classname="testLayer.LoginTest" name="Login" time="7.201"/>
  <system-out/>
</testsuite> <!-- testLayer.LoginTest -->
